<?xml version="1.0" encoding="UTF-8"?>
<!-- Generated by org.testng.reporters.JUnitXMLReporter -->
<testsuite hostname="DESKTOP-S0C7IEU" ignored="2" name="Surefire test" tests="2" failures="0" timestamp="2022-01-31T16:07:19 IST" time="0.547" errors="0">
  <testcase name="@BeforeMethod verifyBrowsers" time="-1.643625439059E9" classname="generic_library.BaseClass">
    <failure type="org.testng.TestNGException" message="
Parameter &amp;apos;browsers&amp;apos; is required by BeforeMethod on method verifyBrowsers but has not been marked @Optional or defined
">
      <![CDATA[org.testng.TestNGException: 
Parameter 'browsers' is required by BeforeMethod on method verifyBrowsers but has not been marked @Optional or defined

at java.util.ArrayList.forEach(ArrayList.java:1255)
... Removed 33 stack frames]]>
    </failure>
  </testcase> <!-- @BeforeMethod verifyBrowsers -->
  <testcase name="@AfterMethod teardown" time="0.0" classname="generic_library.BaseClass">
    <skipped/>
  </testcase> <!-- @AfterMethod teardown -->
  <testcase name="@BeforeMethod verifyBrowsers" time="-1.643625439075E9" classname="generic_library.BaseClass">
    <failure type="org.testng.TestNGException" message="
Parameter &amp;apos;browsers&amp;apos; is required by BeforeMethod on method verifyBrowsers but has not been marked @Optional or defined
">
      <![CDATA[org.testng.TestNGException: 
Parameter 'browsers' is required by BeforeMethod on method verifyBrowsers but has not been marked @Optional or defined

at java.util.ArrayList.forEach(ArrayList.java:1255)
... Removed 33 stack frames]]>
    </failure>
  </testcase> <!-- @BeforeMethod verifyBrowsers -->
  <testcase name="@AfterMethod teardown" time="0.0" classname="generic_library.BaseClass">
    <skipped/>
  </testcase> <!-- @AfterMethod teardown -->
  <testcase name="testcase_01" time="0.0" classname="scripts.TC_001_Login_Test">
    <skipped/>
  </testcase> <!-- testcase_01 -->
  <testcase name="testcase_01" time="0.001" classname="scripts.TC_002_ExternalLinks_Test">
    <skipped/>
  </testcase> <!-- testcase_01 -->
  <testcase name="@BeforeTest setExtentReport" time="0.0" classname="generic_library.BaseClass">
    <ignored/>
  </testcase> <!-- @BeforeTest setExtentReport -->
  <testcase name="@AfterTest endExtentReport" time="0.0" classname="generic_library.BaseClass">
    <ignored/>
  </testcase> <!-- @AfterTest endExtentReport -->
</testsuite> <!-- Surefire test -->
