<?xml version="1.0" encoding="UTF-8"?>
<!-- Generated by org.testng.reporters.JUnitXMLReporter -->
<testsuite ignored="0" hostname="DESKTOP-S0C7IEU" failures="0" tests="1" name="chrome" time="0.065" errors="0" timestamp="2022-01-27T16:22:55 IST">
  <testcase classname="Config.SetUp" name="@BeforeTest verifyBrowsers" time="-1.643280775576E9">
    <failure type="org.testng.TestNGException" message="
Parameter &amp;apos;browers&amp;apos; is required by BeforeTest on method verifyBrowsers but has not been marked @Optional or defined
in C:\Users\pc\Desktop\amazon\testng.xml">
      <![CDATA[org.testng.TestNGException: 
Parameter 'browers' is required by BeforeTest on method verifyBrowsers but has not been marked @Optional or defined
in C:\Users\pc\Desktop\amazon\testng.xml
at java.base/java.util.concurrent.FutureTask.run(FutureTask.java:264)
at java.base/java.util.concurrent.ThreadPoolExecutor.runWorker(ThreadPoolExecutor.java:1130)
at java.base/java.util.concurrent.ThreadPoolExecutor$Worker.run(ThreadPoolExecutor.java:630)
at java.base/java.lang.Thread.run(Thread.java:831)
... Removed 12 stack frames]]>
    </failure>
  </testcase> <!-- @BeforeTest verifyBrowsers -->
  <testcase classname="Config.SetUp" name="@AfterTest teardown" time="0.0">
    <skipped/>
  </testcase> <!-- @AfterTest teardown -->
  <testcase classname="Config.SetUp" name="test" time="0.0">
    <skipped/>
  </testcase> <!-- test -->
</testsuite> <!-- chrome -->
